<?xml version="1.0" encoding="UTF-8"?>
<!-- Generated by org.testng.reporters.JUnitXMLReporter -->
<testsuite ignored="2" hostname="DESKTOP-FIK5SPH" failures="0" tests="1" name="group" time="0.079" errors="0" timestamp="2024-01-31T11:03:52 IST">
  <testcase classname="practiseTestNG.groups" name="TC03" time="0.017"/>
  <testcase classname="practiseTestNG.groups" name="TC01" time="0.0">
    <ignored/>
  </testcase> <!-- TC01 -->
  <testcase classname="practiseTestNG.groups" name="TC02" time="0.0">
    <ignored/>
  </testcase> <!-- TC02 -->
</testsuite> <!-- group -->
