<?xml version="1.0" encoding="UTF-8"?>
<testng-results ignored="0" total="1" passed="1" failed="0" skipped="0">
  <reporter-output>
  </reporter-output>
  <suite started-at="2024-08-01T15:01:57 IST" name="Default suite" finished-at="2024-08-01T15:02:13 IST" duration-ms="16821">
    <groups>
    </groups>
    <test started-at="2024-08-01T15:01:57 IST" name="Default test" finished-at="2024-08-01T15:02:13 IST" duration-ms="16821">
      <class name="testcase.testcase16">
        <test-method is-config="true" signature="launch()[pri:0, instance:testcase.testcase16@7f3b84b8]" started-at="2024-08-01T15:01:57 IST" name="launch" finished-at="2024-08-01T15:02:04 IST" duration-ms="7645" status="PASS">
          <reporter-output>
          </reporter-output>
        </test-method> <!-- launch -->
        <test-method signature="testcase_no16()[pri:0, instance:testcase.testcase16@7f3b84b8]" started-at="2024-08-01T15:02:04 IST" name="testcase_no16" finished-at="2024-08-01T15:02:13 IST" duration-ms="8796" status="PASS">
          <reporter-output>
          </reporter-output>
        </test-method> <!-- testcase_no16 -->
        <test-method is-config="true" signature="close()[pri:0, instance:testcase.testcase16@7f3b84b8]" started-at="2024-08-01T15:02:13 IST" name="close" finished-at="2024-08-01T15:02:13 IST" duration-ms="338" status="PASS">
          <reporter-output>
          </reporter-output>
        </test-method> <!-- close -->
      </class> <!-- testcase.testcase16 -->
    </test> <!-- Default test -->
  </suite> <!-- Default suite -->
</testng-results>
